2021-02-10 23:07:23 INFO  UserService:27 - User saved in BD
2021-02-10 23:16:46 INFO  JwtFilter:34 - do filter started
2021-02-10 23:16:46 INFO  JwtFilter:34 - do filter started
2021-02-10 23:27:57 INFO  JwtFilter:34 - do filter started
2021-02-10 23:27:57 INFO  JwtFilter:34 - do filter started
2021-02-10 23:27:57 INFO  UserService:27 - User saved in BD
2021-02-10 23:34:13 INFO  JwtFilter:34 - do filter started
2021-02-10 23:34:13 INFO  JwtFilter:34 - do filter started
2021-02-10 23:34:14 INFO  UserService:26 - User saved in BD
2021-02-10 23:43:59 INFO  JwtFilter:34 - do filter started
2021-02-10 23:43:59 INFO  JwtFilter:34 - do filter started
2021-02-10 23:43:59 INFO  UserService:26 - User saved in BD
2021-02-11 00:03:14 INFO  JwtFilter:34 - do filter started
2021-02-11 00:03:14 INFO  JwtFilter:34 - do filter started
2021-02-11 00:03:14 INFO  UserService:26 - User saved in BD
2021-02-11 00:03:23 INFO  JwtFilter:34 - do filter started
2021-02-11 00:03:23 INFO  JwtFilter:34 - do filter started
2021-02-11 00:13:25 INFO  JwtFilter:34 - do filter started
2021-02-11 00:13:25 INFO  JwtFilter:34 - do filter started
2021-02-11 00:13:26 INFO  UserService:26 - User saved in BD
2021-02-11 00:22:29 INFO  JwtFilter:34 - do filter started
2021-02-11 00:22:29 INFO  JwtFilter:34 - do filter started
2021-02-11 00:22:29 INFO  UserService:26 - User saved in BD
2021-02-11 00:23:41 INFO  JwtFilter:34 - do filter started
2021-02-11 00:23:41 INFO  JwtFilter:34 - do filter started
2021-02-11 00:23:41 INFO  UserService:26 - User saved in BD
2021-02-11 00:23:41 INFO  JwtFilter:34 - do filter started
2021-02-11 00:24:18 INFO  JwtFilter:34 - do filter started
2021-02-11 00:24:18 INFO  JwtFilter:34 - do filter started
2021-02-11 00:24:18 INFO  UserService:26 - User saved in BD
2021-02-11 00:33:54 INFO  JwtFilter:34 - do filter started
2021-02-11 00:33:54 INFO  JwtFilter:34 - do filter started
2021-02-11 00:33:54 INFO  UserService:26 - User saved in BD
2021-02-11 00:42:43 INFO  JwtFilter:34 - do filter started
2021-02-11 00:42:43 INFO  JwtFilter:34 - do filter started
2021-02-11 00:42:44 INFO  UserService:26 - User saved in BD
2021-02-11 00:55:16 INFO  JwtFilter:34 - do filter started
2021-02-11 00:55:16 INFO  JwtFilter:34 - do filter started
2021-02-11 00:55:17 INFO  UserService:26 - User saved in BD
2021-02-11 00:55:47 INFO  JwtFilter:34 - do filter started
2021-02-11 00:55:47 INFO  JwtFilter:34 - do filter started
2021-02-11 00:55:47 INFO  UserService:26 - User saved in BD
2021-02-11 01:05:40 INFO  JwtFilter:34 - do filter started
2021-02-11 01:05:40 INFO  JwtFilter:34 - do filter started
2021-02-11 01:05:40 INFO  UserService:26 - User saved in BD
2021-02-11 01:16:42 INFO  JwtFilter:34 - do filter started
2021-02-11 01:16:42 INFO  JwtFilter:34 - do filter started
2021-02-11 01:16:42 INFO  JwtFilter:34 - do filter started
2021-02-11 01:16:57 INFO  JwtFilter:34 - do filter started
2021-02-11 01:16:57 INFO  JwtFilter:34 - do filter started
2021-02-11 01:16:58 INFO  UserService:26 - User saved in BD
2021-02-11 01:18:14 INFO  JwtFilter:34 - do filter started
2021-02-11 01:18:14 INFO  JwtFilter:34 - do filter started
2021-02-11 17:37:38 INFO  JwtFilter:34 - do filter started
2021-02-11 17:37:38 INFO  JwtFilter:34 - do filter started
2021-02-11 17:37:41 INFO  JwtFilter:34 - do filter started
2021-02-11 17:37:41 INFO  JwtFilter:34 - do filter started
2021-02-11 17:38:27 INFO  JwtFilter:34 - do filter started
2021-02-11 17:38:27 INFO  JwtFilter:34 - do filter started
2021-02-11 17:38:27 INFO  UserService:26 - User saved in BD
2021-02-11 17:38:28 INFO  JwtFilter:34 - do filter started
2021-02-11 17:38:31 INFO  JwtFilter:34 - do filter started
2021-02-11 17:38:31 INFO  JwtFilter:34 - do filter started
2021-02-11 17:38:31 INFO  UserService:26 - User saved in BD
2021-02-11 17:42:47 INFO  JwtFilter:34 - do filter started
2021-02-11 17:42:47 INFO  JwtFilter:34 - do filter started
2021-02-11 17:42:48 INFO  JwtFilter:34 - do filter started
2021-02-11 17:42:48 INFO  JwtFilter:34 - do filter started
2021-02-11 17:43:23 INFO  JwtFilter:34 - do filter started
2021-02-11 17:43:23 INFO  JwtFilter:34 - do filter started
2021-02-11 17:43:23 INFO  UserService:26 - User saved in BD
2021-02-11 17:44:16 INFO  JwtFilter:34 - do filter started
2021-02-11 17:44:16 INFO  JwtFilter:34 - do filter started
2021-02-11 17:44:40 INFO  JwtFilter:34 - do filter started
2021-02-11 17:44:40 INFO  JwtFilter:34 - do filter started
2021-02-11 17:44:41 INFO  UserService:26 - User saved in BD
2021-02-11 17:49:14 INFO  JwtFilter:34 - do filter started
2021-02-11 17:49:14 INFO  JwtFilter:34 - do filter started
2021-02-11 17:49:16 INFO  JwtFilter:34 - do filter started
2021-02-11 17:49:16 INFO  JwtFilter:34 - do filter started
2021-02-11 17:50:24 INFO  JwtFilter:34 - do filter started
2021-02-11 17:50:24 INFO  JwtFilter:34 - do filter started
2021-02-11 17:54:49 INFO  JwtFilter:34 - do filter started
2021-02-11 17:54:49 INFO  UserService:26 - User saved in BD
2021-02-11 17:55:23 INFO  JwtFilter:34 - do filter started
2021-02-11 17:55:23 INFO  JwtFilter:34 - do filter started
2021-02-11 17:55:27 INFO  JwtFilter:34 - do filter started
2021-02-11 17:55:55 INFO  JwtFilter:34 - do filter started
2021-02-11 17:56:07 INFO  JwtFilter:34 - do filter started
2021-02-11 17:56:07 INFO  JwtFilter:34 - do filter started
2021-02-11 17:56:26 INFO  JwtFilter:34 - do filter started
2021-02-11 17:56:26 INFO  UserService:26 - User saved in BD
2021-02-11 17:56:33 INFO  JwtFilter:34 - do filter started
2021-02-11 17:56:33 INFO  UserService:26 - User saved in BD
2021-02-11 17:58:33 INFO  JwtFilter:34 - do filter started
2021-02-11 17:58:33 INFO  UserService:26 - User saved in BD
2021-02-11 18:02:01 INFO  JwtFilter:34 - do filter started
2021-02-11 18:02:01 INFO  UserService:26 - User saved in BD
2021-02-11 18:03:38 INFO  JwtFilter:34 - do filter started
2021-02-11 18:03:39 INFO  UserService:26 - User saved in BD
2021-02-11 18:04:36 INFO  JwtFilter:34 - do filter started
2021-02-11 18:04:36 INFO  UserService:26 - User saved in BD
2021-02-11 18:04:56 INFO  JwtFilter:34 - do filter started
2021-02-11 18:04:56 INFO  UserService:26 - User saved in BD
2021-02-11 18:08:13 INFO  JwtFilter:34 - do filter started
2021-02-11 18:08:14 INFO  UserService:26 - User saved in BD
2021-02-11 18:09:33 INFO  JwtFilter:34 - do filter started
2021-02-11 18:09:33 INFO  UserService:26 - User saved in BD
2021-02-11 18:10:16 INFO  JwtFilter:34 - do filter started
2021-02-11 18:14:58 INFO  JwtFilter:34 - do filter started
2021-02-11 18:14:58 INFO  JwtFilter:34 - do filter started
2021-02-11 19:31:53 INFO  JwtFilter:34 - do filter started
2021-02-11 19:33:23 INFO  JwtFilter:34 - do filter started
2021-02-11 19:33:39 INFO  JwtFilter:34 - do filter started
2021-02-11 19:33:39 INFO  UserService:26 - User saved in BD
2021-02-11 19:47:10 INFO  JwtFilter:34 - do filter started
2021-02-11 19:47:10 INFO  UserService:26 - User saved in BD
2021-02-11 19:47:22 INFO  JwtFilter:34 - do filter started
2021-02-11 19:47:23 INFO  UserService:26 - User saved in BD
2021-02-11 19:49:44 INFO  JwtFilter:34 - do filter started
2021-02-11 19:49:45 INFO  UserService:26 - User saved in BD
2021-02-11 20:14:46 INFO  JwtFilter:34 - do filter started
2021-02-11 20:14:47 INFO  UserService:26 - User saved in BD
2021-02-11 20:21:21 INFO  JwtFilter:34 - do filter started
2021-02-11 20:21:22 INFO  UserService:26 - User saved in BD
2021-02-11 20:21:30 INFO  JwtFilter:34 - do filter started
2021-02-11 20:23:49 INFO  JwtFilter:34 - do filter started
2021-02-12 21:19:30 INFO  JwtFilter:34 - do filter started
2021-02-12 21:19:30 INFO  UserService:26 - User saved in BD
2021-02-12 21:51:42 INFO  JwtFilter:34 - do filter started
2021-02-12 21:51:43 INFO  UserService:26 - User saved in BD
2021-02-12 23:02:13 INFO  JwtFilter:34 - do filter started
2021-02-12 23:02:14 INFO  JwtFilter:34 - do filter started
2021-02-12 23:02:14 INFO  UserService:26 - User saved in BD
2021-02-12 23:02:44 INFO  JwtFilter:34 - do filter started
2021-02-12 23:02:45 INFO  UserService:26 - User saved in BD
2021-02-12 23:02:50 INFO  JwtFilter:34 - do filter started
2021-02-12 23:02:50 INFO  UserService:26 - User saved in BD
2021-02-12 23:03:35 INFO  JwtFilter:34 - do filter started
2021-02-12 23:03:35 INFO  UserService:26 - User saved in BD
2021-02-12 23:05:05 INFO  JwtFilter:34 - do filter started
2021-02-12 23:05:05 INFO  JwtFilter:34 - do filter started
2021-02-12 23:05:06 INFO  JwtFilter:34 - do filter started
2021-02-12 23:09:06 INFO  JwtFilter:34 - do filter started
2021-02-12 23:09:25 INFO  JwtFilter:34 - do filter started
2021-02-12 23:09:53 INFO  JwtFilter:34 - do filter started
2021-02-12 23:09:59 INFO  JwtFilter:34 - do filter started
2021-02-12 23:10:03 INFO  JwtFilter:34 - do filter started
2021-02-12 23:12:38 INFO  JwtFilter:34 - do filter started
2021-02-12 23:12:48 INFO  JwtFilter:34 - do filter started
2021-02-12 23:18:15 INFO  JwtFilter:34 - do filter started
2021-02-12 23:18:15 INFO  JwtFilter:34 - do filter started
2021-02-12 23:18:15 INFO  JwtFilter:34 - do filter started
2021-02-12 23:18:15 INFO  JwtFilter:34 - do filter started
2021-02-12 23:18:15 INFO  UserService:26 - User saved in BD
2021-02-12 23:29:14 INFO  JwtFilter:34 - do filter started
2021-02-12 23:29:14 INFO  JwtFilter:34 - do filter started
2021-02-12 23:29:22 INFO  JwtFilter:34 - do filter started
2021-02-12 23:29:22 INFO  JwtFilter:34 - do filter started
2021-02-12 23:32:08 INFO  JwtFilter:34 - do filter started
2021-02-12 23:32:08 INFO  JwtFilter:34 - do filter started
2021-02-12 23:32:36 INFO  JwtFilter:34 - do filter started
2021-02-12 23:32:36 INFO  JwtFilter:34 - do filter started
2021-02-12 23:32:41 INFO  JwtFilter:34 - do filter started
2021-02-12 23:32:41 INFO  JwtFilter:34 - do filter started
2021-02-12 23:34:28 INFO  JwtFilter:34 - do filter started
2021-02-12 23:34:28 INFO  JwtFilter:34 - do filter started
2021-02-13 00:53:26 INFO  JwtFilter:34 - do filter started
2021-02-13 00:53:26 INFO  JwtFilter:34 - do filter started
2021-02-13 00:53:26 INFO  JwtFilter:34 - do filter started
2021-02-13 00:53:49 INFO  JwtFilter:34 - do filter started
2021-02-13 00:53:49 INFO  JwtFilter:34 - do filter started
2021-02-13 00:54:00 INFO  JwtFilter:34 - do filter started
2021-02-13 00:54:00 INFO  JwtFilter:34 - do filter started
2021-02-13 00:54:01 INFO  JwtFilter:34 - do filter started
2021-02-13 00:54:01 INFO  JwtFilter:34 - do filter started
2021-02-13 00:55:45 INFO  JwtFilter:34 - do filter started
2021-02-13 00:55:45 INFO  JwtFilter:34 - do filter started
2021-02-13 00:58:46 INFO  JwtFilter:34 - do filter started
2021-02-13 00:58:46 INFO  JwtFilter:34 - do filter started
2021-02-13 01:01:51 INFO  JwtFilter:34 - do filter started
2021-02-13 01:01:51 INFO  JwtFilter:34 - do filter started
2021-02-13 01:01:52 INFO  JwtFilter:34 - do filter started
2021-02-13 01:01:52 INFO  JwtFilter:34 - do filter started
2021-02-13 01:06:21 INFO  JwtFilter:34 - do filter started
2021-02-13 01:06:21 INFO  JwtFilter:34 - do filter started
2021-02-13 01:06:44 INFO  JwtFilter:34 - do filter started
2021-02-13 01:06:44 INFO  JwtFilter:34 - do filter started
2021-02-13 01:06:48 INFO  JwtFilter:34 - do filter started
2021-02-13 01:06:48 INFO  JwtFilter:34 - do filter started
2021-02-13 01:06:49 INFO  JwtFilter:34 - do filter started
2021-02-13 01:06:49 INFO  JwtFilter:34 - do filter started
2021-02-13 01:07:04 INFO  JwtFilter:34 - do filter started
2021-02-13 01:07:04 INFO  JwtFilter:34 - do filter started
2021-02-13 01:07:14 INFO  JwtFilter:34 - do filter started
2021-02-13 01:07:14 INFO  JwtFilter:34 - do filter started
2021-02-13 01:07:53 INFO  JwtFilter:34 - do filter started
2021-02-13 01:07:53 INFO  JwtFilter:34 - do filter started
2021-02-13 01:07:53 INFO  UserService:26 - User saved in BD
2021-02-13 01:08:21 INFO  JwtFilter:34 - do filter started
2021-02-13 01:08:21 INFO  JwtFilter:34 - do filter started
2021-02-13 01:08:21 INFO  UserService:26 - User saved in BD
2021-02-13 01:08:34 INFO  JwtFilter:34 - do filter started
2021-02-13 01:08:34 INFO  JwtFilter:34 - do filter started
2021-02-13 01:08:41 INFO  JwtFilter:34 - do filter started
2021-02-13 01:08:41 INFO  JwtFilter:34 - do filter started
2021-02-13 01:08:43 INFO  JwtFilter:34 - do filter started
2021-02-13 01:08:43 INFO  JwtFilter:34 - do filter started
2021-02-13 01:25:36 INFO  JwtFilter:34 - do filter started
2021-02-13 01:25:36 INFO  JwtFilter:34 - do filter started
2021-02-13 01:25:53 INFO  JwtFilter:34 - do filter started
2021-02-13 01:25:53 INFO  JwtFilter:34 - do filter started
2021-02-13 01:25:59 INFO  JwtFilter:34 - do filter started
2021-02-13 01:25:59 INFO  JwtFilter:34 - do filter started
2021-02-13 01:25:59 INFO  JwtFilter:34 - do filter started
2021-02-13 01:43:30 INFO  JwtFilter:34 - do filter started
2021-02-13 01:43:30 INFO  JwtFilter:34 - do filter started
2021-02-13 01:43:30 INFO  JwtFilter:34 - do filter started
2021-02-13 01:43:39 INFO  JwtFilter:34 - do filter started
2021-02-13 01:43:39 INFO  JwtFilter:34 - do filter started
2021-02-13 01:43:39 INFO  JwtFilter:34 - do filter started
2021-02-13 01:43:44 INFO  JwtFilter:34 - do filter started
2021-02-13 01:43:44 INFO  JwtFilter:34 - do filter started
2021-02-13 01:43:44 INFO  JwtFilter:34 - do filter started
2021-02-13 01:45:26 INFO  JwtFilter:34 - do filter started
2021-02-13 01:45:26 INFO  JwtFilter:34 - do filter started
2021-02-13 19:33:31 INFO  JwtFilter:34 - do filter started
2021-02-13 19:33:31 INFO  JwtFilter:34 - do filter started
2021-02-13 19:33:32 INFO  UserService:29 - User saved in BD
2021-02-13 19:33:32 INFO  JwtFilter:34 - do filter started
2021-02-13 19:40:59 INFO  JwtFilter:34 - do filter started
2021-02-13 19:40:59 INFO  JwtFilter:34 - do filter started
2021-02-13 19:41:00 INFO  UserService:29 - User saved in BD
2021-02-13 19:41:00 INFO  JwtFilter:34 - do filter started
2021-02-13 19:44:46 INFO  JwtFilter:34 - do filter started
2021-02-13 19:44:46 INFO  JwtFilter:34 - do filter started
2021-02-13 19:44:47 INFO  UserService:29 - User saved in BD
2021-02-13 19:44:47 INFO  JwtFilter:34 - do filter started
2021-02-13 19:48:33 INFO  JwtFilter:34 - do filter started
2021-02-13 19:48:33 INFO  JwtFilter:34 - do filter started
2021-02-13 19:48:34 INFO  UserService:29 - User saved in BD
2021-02-13 19:52:25 INFO  JwtFilter:34 - do filter started
2021-02-13 19:52:25 INFO  JwtFilter:34 - do filter started
2021-02-13 19:52:25 INFO  JwtFilter:34 - do filter started
2021-02-13 19:52:25 INFO  JwtFilter:34 - do filter started
2021-02-13 19:52:25 INFO  UserService:29 - User saved in BD
2021-02-13 19:52:59 INFO  JwtFilter:34 - do filter started
2021-02-13 19:52:59 INFO  JwtFilter:34 - do filter started
2021-02-13 19:52:59 INFO  UserService:29 - User saved in BD
2021-02-13 19:54:15 INFO  JwtFilter:34 - do filter started
2021-02-13 19:54:15 INFO  JwtFilter:34 - do filter started
2021-02-13 19:54:15 INFO  UserService:29 - User saved in BD
2021-02-13 19:55:32 INFO  JwtFilter:34 - do filter started
2021-02-13 19:55:32 INFO  JwtFilter:34 - do filter started
2021-02-13 21:32:35 INFO  JwtFilter:34 - do filter started
2021-02-13 21:32:35 INFO  JwtFilter:34 - do filter started
2021-02-13 21:32:35 INFO  JwtFilter:34 - do filter started
2021-02-13 21:32:35 INFO  JwtFilter:34 - do filter started
2021-02-13 21:32:37 INFO  JwtFilter:34 - do filter started
2021-02-13 21:32:37 INFO  JwtFilter:34 - do filter started
2021-02-13 21:32:37 INFO  JwtFilter:34 - do filter started
2021-02-13 21:32:37 INFO  JwtFilter:34 - do filter started
2021-02-13 21:32:37 INFO  JwtFilter:34 - do filter started
2021-02-13 21:51:31 INFO  JwtFilter:34 - do filter started
2021-02-13 21:51:31 INFO  JwtFilter:34 - do filter started
2021-02-13 21:51:31 INFO  JwtFilter:34 - do filter started
2021-02-13 21:51:47 INFO  JwtFilter:34 - do filter started
2021-02-13 21:51:47 INFO  JwtFilter:34 - do filter started
2021-02-13 21:51:47 INFO  JwtFilter:34 - do filter started
2021-02-13 22:34:22 INFO  JwtFilter:34 - do filter started
2021-02-13 22:34:22 INFO  JwtFilter:34 - do filter started
2021-02-13 22:34:22 INFO  JwtFilter:34 - do filter started
2021-02-13 22:34:22 INFO  JwtFilter:34 - do filter started
2021-02-13 22:34:22 INFO  JwtFilter:34 - do filter started
2021-02-13 22:34:24 INFO  JwtFilter:34 - do filter started
2021-02-13 22:34:24 INFO  JwtFilter:34 - do filter started
2021-02-13 22:34:24 INFO  JwtFilter:34 - do filter started
2021-02-13 22:34:43 INFO  JwtFilter:34 - do filter started
2021-02-13 22:34:43 INFO  JwtFilter:34 - do filter started
2021-02-13 22:34:43 INFO  JwtFilter:34 - do filter started
2021-02-13 22:39:53 INFO  JwtFilter:34 - do filter started
2021-02-13 22:39:53 INFO  JwtFilter:34 - do filter started
2021-02-13 22:39:53 INFO  JwtFilter:34 - do filter started
2021-02-13 22:45:31 INFO  JwtFilter:34 - do filter started
2021-02-13 22:45:31 INFO  JwtFilter:34 - do filter started
2021-02-13 22:45:31 INFO  JwtFilter:34 - do filter started
2021-02-13 22:45:38 INFO  JwtFilter:34 - do filter started
2021-02-13 22:45:38 INFO  JwtFilter:34 - do filter started
2021-02-13 22:45:38 INFO  JwtFilter:34 - do filter started
2021-02-13 22:53:39 INFO  JwtFilter:34 - do filter started
2021-02-13 22:53:39 INFO  JwtFilter:34 - do filter started
2021-02-13 22:53:39 INFO  JwtFilter:34 - do filter started
2021-02-13 22:53:57 INFO  JwtFilter:34 - do filter started
2021-02-13 22:53:57 INFO  JwtFilter:34 - do filter started
2021-02-13 22:53:57 INFO  JwtFilter:34 - do filter started
2021-02-13 22:54:07 INFO  JwtFilter:34 - do filter started
2021-02-13 22:54:07 INFO  JwtFilter:34 - do filter started
2021-02-13 22:54:07 INFO  JwtFilter:34 - do filter started
2021-02-13 22:55:33 INFO  JwtFilter:34 - do filter started
2021-02-13 22:55:33 INFO  JwtFilter:34 - do filter started
2021-02-13 22:55:33 INFO  JwtFilter:34 - do filter started
2021-02-13 22:55:33 INFO  JwtFilter:34 - do filter started
2021-02-13 23:09:59 INFO  JwtFilter:34 - do filter started
2021-02-13 23:09:59 INFO  JwtFilter:34 - do filter started
2021-02-13 23:28:36 INFO  JwtFilter:34 - do filter started
2021-02-13 23:28:36 INFO  JwtFilter:34 - do filter started
2021-02-13 23:28:36 INFO  JwtFilter:34 - do filter started
2021-02-13 23:28:42 INFO  JwtFilter:34 - do filter started
2021-02-13 23:28:42 INFO  JwtFilter:34 - do filter started
2021-02-13 23:28:42 INFO  JwtFilter:34 - do filter started
2021-02-13 23:30:52 INFO  JwtFilter:34 - do filter started
2021-02-13 23:30:52 INFO  JwtFilter:34 - do filter started
2021-02-13 23:30:52 INFO  JwtFilter:34 - do filter started
2021-02-13 23:30:54 INFO  JwtFilter:34 - do filter started
2021-02-13 23:30:54 INFO  JwtFilter:34 - do filter started
2021-02-13 23:30:54 INFO  JwtFilter:34 - do filter started
2021-02-13 23:32:38 INFO  JwtFilter:34 - do filter started
2021-02-13 23:32:38 INFO  JwtFilter:34 - do filter started
2021-02-13 23:32:38 INFO  JwtFilter:34 - do filter started
2021-02-13 23:33:58 INFO  JwtFilter:34 - do filter started
2021-02-13 23:33:58 INFO  JwtFilter:34 - do filter started
2021-02-13 23:52:48 INFO  JwtFilter:34 - do filter started
2021-02-13 23:52:48 INFO  JwtFilter:34 - do filter started
2021-02-13 23:52:48 INFO  JwtFilter:34 - do filter started
2021-02-13 23:52:50 INFO  JwtFilter:34 - do filter started
2021-02-13 23:52:50 INFO  JwtFilter:34 - do filter started
2021-02-13 23:52:50 INFO  JwtFilter:34 - do filter started
2021-02-13 23:52:51 INFO  JwtFilter:34 - do filter started
2021-02-13 23:52:51 INFO  JwtFilter:34 - do filter started
2021-02-13 23:52:51 INFO  JwtFilter:34 - do filter started
2021-02-13 23:53:39 INFO  JwtFilter:34 - do filter started
2021-02-13 23:53:39 INFO  JwtFilter:34 - do filter started
2021-02-14 00:26:35 INFO  JwtFilter:34 - do filter started
2021-02-14 00:26:35 INFO  JwtFilter:34 - do filter started
2021-02-14 16:29:41 INFO  JwtFilter:34 - do filter started
2021-02-14 16:29:41 INFO  JwtFilter:34 - do filter started
2021-02-14 16:29:42 INFO  UserService:28 - User saved in BD
2021-02-18 16:49:25 INFO  AuthService:45 - Users save in BD
2021-02-18 16:54:01 INFO  AuthService:45 - Users save in BD
2021-02-18 20:18:40 INFO  AuthService:45 - Users save in BD
2021-02-18 20:20:30 INFO  AuthService:45 - Users save in BD
2021-02-18 21:32:48 INFO  AuthService:45 - Users save in BD
2021-02-23 14:11:10 INFO  AuthService:46 - Users save in BD
2021-02-23 14:20:19 INFO  AuthService:46 - Users save in BD
2021-02-23 14:30:07 INFO  AuthService:46 - Users save in BD
2021-02-23 14:31:05 INFO  AuthService:46 - Users save in BD
2021-02-23 14:34:12 INFO  AuthService:46 - Users save in BD
2021-02-23 14:35:39 INFO  AuthService:46 - Users save in BD
2021-02-23 15:47:52 INFO  AuthService:46 - Users save in BD
2021-02-24 00:57:54 INFO  AuthServiceImpl:49 - Users save in BD
2021-02-24 20:22:10 INFO  AuthServiceImpl:49 - Users save in BD
2021-02-24 20:26:04 INFO  AuthServiceImpl:49 - Users save in BD
2021-02-25 13:38:19 INFO  AuthServiceImpl:49 - Users save in BD
2021-02-25 18:49:34 INFO  AuthServiceImpl:49 - Users save in BD
2021-03-03 15:39:26 INFO  AuthServiceImpl:54 - Users save in BD
2021-03-03 16:05:06 INFO  UsersController:26 - findByLesson: %s
2021-03-03 16:05:38 INFO  UsersController:26 - findByLesson: %s
2021-03-03 16:08:31 INFO  UsersController:26 - findByLesson: %s
2021-03-03 16:20:50 INFO  UsersController:26 - findByLesson: %s
2021-03-03 16:26:42 INFO  UsersController:26 - findByLesson: %s
2021-03-03 16:51:03 INFO  AuthServiceImpl:54 - Users save in BD
2021-03-04 15:23:31 INFO  AuthServiceImpl:51 - Users save in BD
2021-03-04 16:17:13 INFO  AuthServiceImpl:51 - Users save in BD
2021-03-04 16:18:44 INFO  AuthServiceImpl:51 - Users save in BD
2021-03-04 16:20:44 INFO  AuthServiceImpl:51 - Users save in BD
2021-03-04 17:04:30 INFO  UsersController:32 - findByLesson: %s
2021-03-04 17:05:41 INFO  UsersController:32 - findByLesson: %s
2021-03-04 17:07:38 INFO  UsersController:32 - findByLesson: %s
2021-03-04 17:07:40 INFO  UsersController:32 - findByLesson: %s
2021-03-04 17:11:47 INFO  UsersController:32 - findByLesson: %s
2021-03-04 20:22:55 INFO  AuthServiceImpl:51 - Users save in BD
2021-03-04 20:23:35 INFO  AuthServiceImpl:51 - Users save in BD
2021-03-04 20:25:13 INFO  AuthServiceImpl:51 - Users save in BD
2021-03-05 14:43:32 INFO  AuthServiceImpl:51 - Users save in BD
2021-03-09 15:48:55 INFO  UserServiceImpl:45 - Users update in BD
2021-03-09 15:54:37 INFO  UserServiceImpl:45 - Users update in BD
2021-03-09 16:27:16 INFO  UserServiceImpl:45 - Users update in BD
2021-03-09 16:30:07 INFO  UserServiceImpl:45 - Users update in BD
2021-03-09 16:55:54 INFO  UserServiceImpl:46 - Users update in BD
2021-03-09 16:57:09 INFO  UserServiceImpl:46 - Users update in BD
2021-03-09 16:59:20 INFO  UserServiceImpl:46 - Users update in BD
2021-03-09 17:02:54 INFO  UserServiceImpl:46 - Users update in BD
2021-03-09 17:03:46 INFO  UserServiceImpl:46 - Users update in BD
2021-03-09 17:08:55 INFO  UserServiceImpl:46 - Users update in BD
2021-03-09 17:10:02 INFO  UserServiceImpl:46 - Users update in BD
2021-03-09 17:17:26 INFO  UserServiceImpl:45 - Users update in BD
2021-03-09 17:20:46 INFO  UserServiceImpl:45 - Users update in BD
2021-03-09 17:24:25 INFO  UserServiceImpl:42 - Users update in BD
2021-03-09 17:29:12 INFO  UserServiceImpl:41 - Users update in BD
2021-03-09 17:31:05 INFO  UserServiceImpl:41 - Users update in BD
2021-03-09 17:31:46 INFO  UserServiceImpl:41 - Users update in BD
2021-03-09 19:51:31 INFO  AuthServiceImpl:51 - Users save in BD
2021-03-10 02:33:22 INFO  UserServiceImpl:41 - Users update in BD
2021-03-10 02:43:13 INFO  UserServiceImpl:41 - Users update in BD
2021-03-11 17:43:15 INFO  AuthServiceImpl:51 - Users save in BD
2021-03-11 17:44:20 INFO  UserServiceImpl:41 - Users update in BD
2021-03-11 18:01:05 INFO  UserServiceImpl:41 - Users update in BD
2021-03-11 18:10:51 INFO  UserServiceImpl:41 - Users update in BD
2021-03-11 18:17:51 INFO  UserServiceImpl:41 - Users update in BD
2021-03-11 18:18:40 INFO  UserServiceImpl:41 - Users update in BD
2021-03-11 19:03:28 INFO  AuthServiceImpl:51 - Users save in BD
2021-03-11 19:06:57 INFO  AuthServiceImpl:51 - Users save in BD
2021-03-11 19:10:41 INFO  AuthServiceImpl:51 - Users save in BD
2021-03-11 19:34:57 INFO  AuthServiceImpl:51 - Users save in BD
2021-03-11 19:38:48 INFO  AuthServiceImpl:51 - Users save in BD
2021-03-11 19:40:05 INFO  AuthServiceImpl:51 - Users save in BD
2021-03-11 19:48:12 INFO  AuthServiceImpl:51 - Users save in BD
2021-03-12 21:43:34 INFO  UserServiceImpl:41 - Users update in BD
2021-03-12 21:43:37 INFO  UserServiceImpl:41 - Users update in BD
2021-03-12 21:43:40 INFO  UserServiceImpl:41 - Users update in BD
2021-03-12 21:52:17 INFO  UserServiceImpl:41 - Users update in BD
2021-03-12 21:52:19 INFO  UserServiceImpl:41 - Users update in BD
2021-03-12 23:27:01 INFO  UserServiceImpl:41 - Users update in BD
2021-03-12 23:28:11 INFO  AuthServiceImpl:51 - Users save in BD
2021-03-12 23:51:14 INFO  UserServiceImpl:41 - Users update in BD
2021-03-13 00:06:36 INFO  UserServiceImpl:41 - Users update in BD
2021-03-13 00:07:52 INFO  UserServiceImpl:41 - Users update in BD
2021-03-13 00:08:02 INFO  UserServiceImpl:41 - Users update in BD
2021-03-13 00:14:19 INFO  UserServiceImpl:41 - Users update in BD
2021-03-13 00:23:05 INFO  UserServiceImpl:41 - Users update in BD
2021-03-13 00:23:08 INFO  UserServiceImpl:41 - Users update in BD
2021-03-13 00:24:50 INFO  UserServiceImpl:41 - Users update in BD
2021-03-13 00:25:41 INFO  UserServiceImpl:41 - Users update in BD
2021-03-13 00:31:52 INFO  UserServiceImpl:41 - Users update in BD
2021-03-13 00:34:45 INFO  UserServiceImpl:41 - Users update in BD
2021-03-13 00:34:51 INFO  UserServiceImpl:41 - Users update in BD
2021-03-13 00:35:26 INFO  UserServiceImpl:41 - Users update in BD
2021-03-13 00:35:35 INFO  UserServiceImpl:41 - Users update in BD
2021-03-13 00:35:42 INFO  UserServiceImpl:41 - Users update in BD
2021-03-13 00:35:46 INFO  UserServiceImpl:41 - Users update in BD
2021-03-13 00:37:26 INFO  UserServiceImpl:41 - Users update in BD
2021-03-13 00:37:29 INFO  UserServiceImpl:41 - Users update in BD
2021-03-13 00:37:32 INFO  UserServiceImpl:41 - Users update in BD
2021-03-14 01:24:00 INFO  AuthServiceImpl:51 - Users save in BD
2021-03-14 01:24:18 INFO  UserServiceImpl:41 - Users update in BD
2021-03-14 16:32:53 INFO  AuthServiceImpl:51 - Users save in BD
2021-03-14 16:40:30 INFO  UserServiceImpl:41 - Users update in BD
2021-03-14 16:40:36 INFO  UserServiceImpl:41 - Users update in BD
2021-03-14 21:29:27 INFO  UserServiceImpl:41 - Users update in BD
2021-03-14 21:34:48 INFO  AuthServiceImpl:51 - Users save in BD
2021-03-14 22:18:06 INFO  UserServiceImpl:41 - Users update in BD
2021-03-14 22:18:31 INFO  UserServiceImpl:41 - Users update in BD
2021-03-14 22:20:05 INFO  AuthServiceImpl:51 - Users save in BD
2021-03-14 23:42:05 INFO  AuthServiceImpl:51 - Users save in BD
2021-03-15 00:21:37 INFO  AuthServiceImpl:51 - Users save in BD
2021-03-15 00:24:01 INFO  AuthServiceImpl:51 - Users save in BD
2021-03-15 00:57:46 INFO  UserServiceImpl:41 - Users update in BD
2021-03-19 21:03:26 INFO  UserServiceImpl:41 - Users update in BD
2021-03-19 23:23:47 INFO  UserServiceImpl:41 - Users update in BD
2021-03-22 16:51:59 INFO  Version:21 - HV000001: Hibernate Validator 6.1.7.Final
2021-03-22 16:52:28 INFO  Version:21 - HV000001: Hibernate Validator 6.1.7.Final
2021-03-22 16:58:01 INFO  Version:21 - HV000001: Hibernate Validator 6.1.7.Final
2021-03-22 17:03:27 INFO  Version:21 - HV000001: Hibernate Validator 6.1.7.Final
2021-03-23 16:30:54 INFO  Version:21 - HV000001: Hibernate Validator 6.1.7.Final
2021-03-24 16:16:09 INFO  Version:21 - HV000001: Hibernate Validator 6.1.7.Final
2021-03-24 21:21:07 INFO  UserServiceImpl:41 - Users update in BD
2021-03-30 21:59:06 INFO  AuthServiceImpl:52 - Users save in BD
2021-03-31 18:49:16 INFO  UserServiceImpl:51 - Users update in BD
2021-03-31 18:53:57 INFO  UserServiceImpl:74 - Users update in BD
2021-03-31 18:54:02 INFO  UserServiceImpl:74 - Users update in BD
2021-03-31 20:48:19 INFO  UserServiceImpl:51 - Users update in BD
2021-03-31 22:20:14 INFO  UserServiceImpl:74 - Users update in BD
2021-03-31 22:20:17 INFO  UserServiceImpl:74 - Users update in BD
2021-03-31 22:25:02 INFO  UserServiceImpl:74 - Users update in BD
2021-03-31 22:25:02 INFO  UserServiceImpl:74 - Users update in BD
2021-04-01 18:22:07 INFO  AuthServiceImpl:53 - Users save in BD
2021-04-01 18:35:02 INFO  UserServiceImpl:52 - Users update in BD
2021-04-01 19:40:23 INFO  UserServiceImpl:75 - Users update in BD
2021-04-01 19:40:26 INFO  UserServiceImpl:75 - Users update in BD
2021-04-01 19:48:48 INFO  UserServiceImpl:52 - Users update in BD
2021-04-01 19:49:17 INFO  AuthServiceImpl:53 - Users save in BD
2021-04-02 00:49:16 INFO  UserServiceImpl:75 - Users update in BD
2021-04-02 01:00:05 INFO  UserServiceImpl:75 - Users update in BD
2021-04-06 19:24:01 INFO  AuthServiceImpl:53 - Users save in BD
